Arguments: 
  C:\Program Files\nodejs\node.exe C:\Users\626417\AppData\Roaming\npm\node_modules\yarn\bin\yarn.js add supertest --dev

PATH: 
  C:\Program Files\Microsoft MPI\Bin\;C:\Program Files (x86)\Common Files\Oracle\Java\javapath;C:\Program Files\Docker\Docker\Resources\bin;C:\ProgramData\Oracle\Java\javapath;C:\WINDOWS\system32;C:\WINDOWS;C:\WINDOWS\System32\Wbem;C:\WINDOWS\System32\WindowsPowerShell\v1.0\;C:\Program Files\Git\cmd;C:\Users\626417\AppData\Roaming\npm;C:\Program Files\Docker Toolbox;C:\Program Files\nodejs\;C:\Program Files\dotnet\;C:\Program Files\Microsoft SQL Server\130\Tools\Binn\;C:\Program Files (x86)\Microsoft SQL Server\110\Tools\Binn\;C:\Program Files (x86)\Microsoft SQL Server\110\DTS\Binn\;C:\Program Files\Microsoft SQL Server\110\Tools\Binn\;C:\Program Files\Microsoft SQL Server\110\DTS\Binn\;C:\Program Files (x86)\Microsoft SQL Server\110\Tools\Binn\ManagementStudio\;C:\Program Files (x86)\Microsoft Visual Studio 10.0\Common7\IDE\PrivateAssemblies\;C:\Users\626417\AppData\Local\Programs\Python\Python36\Scripts\;C:\Users\626417\AppData\Local\Programs\Python\Python36\;C:\Users\626417\AppData\Local\Microsoft\WindowsApps;D:\626417\git;C:\Users\626417\.dotnet\tools

Yarn version: 
  1.2.1

Node version: 
  8.10.0

Platform: 
  win32 x64

npm manifest: 
  {
    "name": "exp-starter-api",
    "version": "0.0.0",
    "private": true,
    "scripts": {
      "start": "node ./bin/www",
      "build": "SET NODE_ENV=production webpack",
      "test": "mocha --recursive",
      "db:migrate": "node postgrator.js",
      "db:migrate:test": "NODE_ENV=test node postgrator.js"
    },
    "dependencies": {
      "bcryptjs": "^2.4.3",
      "cookie-parser": "^1.4.3",
      "debug": "~2.6.9",
      "dotenv": "^6.1.0",
      "expect": "^23.6.0",
      "express": "~4.16.0",
      "http-errors": "~1.6.2",
      "jsonwebtoken": "^8.4.0",
      "mocha": "^5.2.0",
      "morgan": "~1.9.0",
      "pg": "^7.6.1",
      "postgrator": "^3.7.0",
      "supertest": "^3.3.0"
    }
  }

yarn manifest: 
  No manifest

Lockfile: 
  No lockfile

Trace: 
  Error: https://registry.yarnpkg.com/bcryptjs: tunneling socket could not be established, statusCode=407
      at ClientRequest.onConnect (C:\Users\626417\AppData\Roaming\npm\node_modules\yarn\lib\cli.js:137250:19)
      at Object.onceWrapper (events.js:319:30)
      at emitThree (events.js:136:13)
      at ClientRequest.emit (events.js:217:7)
      at Socket.socketOnData (_http_client.js:472:11)
      at emitOne (events.js:116:13)
      at Socket.emit (events.js:211:7)
      at addChunk (_stream_readable.js:263:12)
      at readableAddChunk (_stream_readable.js:250:11)
      at Socket.Readable.push (_stream_readable.js:208:10)
